<?xml version="1.0" encoding="UTF-8"?>
<robot generator="Robot 3.1.2 (Python 3.7.4 on win32)" generated="20191004 10:13:30.787" rpa="false">
<suite id="s1" name="Test" source="D:\Python\Scripts\lvmama\robot_case\test.robot">
<test id="s1-t1" name="test_get_event_list">
<kw name="Create Dictionary" library="BuiltIn">
<doc>Creates and returns a dictionary based on the given ``items``.</doc>
<arguments>
<arg>eid=1</arg>
</arguments>
<assign>
<var>${payload}</var>
</assign>
<msg timestamp="20191004 10:13:31.955" level="INFO">${payload} = {'eid': '1'}</msg>
<status status="PASS" starttime="20191004 10:13:31.953" endtime="20191004 10:13:31.955"></status>
</kw>
<kw name="Create Session" library="RequestsLibrary">
<doc>Create Session: create a HTTP session to a server</doc>
<arguments>
<arg>event http://127.0.0.1:8000/api</arg>
</arguments>
<msg timestamp="20191004 10:13:31.957" level="FAIL">Keyword 'RequestsLibrary.Create Session' expected 2 to 12 arguments, got 1.</msg>
<status status="FAIL" starttime="20191004 10:13:31.957" endtime="20191004 10:13:31.957"></status>
</kw>
<status status="FAIL" starttime="20191004 10:13:31.952" endtime="20191004 10:13:31.959" critical="yes">Keyword 'RequestsLibrary.Create Session' expected 2 to 12 arguments, got 1.</status>
</test>
<status status="FAIL" starttime="20191004 10:13:30.796" endtime="20191004 10:13:31.963"></status>
</suite>
<statistics>
<total>
<stat pass="0" fail="1">Critical Tests</stat>
<stat pass="0" fail="1">All Tests</stat>
</total>
<tag>
</tag>
<suite>
<stat pass="0" fail="1" id="s1" name="Test">Test</stat>
</suite>
</statistics>
<errors>
</errors>
</robot>
